\BOOKMARK [1][-]{section.1}{System architecture}{}% 1
\BOOKMARK [1][-]{section.2}{Hardware components}{}% 2
\BOOKMARK [2][-]{subsection.2.1}{Motors}{section.2}% 3
\BOOKMARK [2][-]{subsection.2.2}{Chassis structure}{section.2}% 4
\BOOKMARK [2][-]{subsection.2.3}{Holonomics}{section.2}% 5
\BOOKMARK [2][-]{subsection.2.4}{Weight distribution}{section.2}% 6
\BOOKMARK [2][-]{subsection.2.5}{Grabber}{section.2}% 7
\BOOKMARK [2][-]{subsection.2.6}{Kicker}{section.2}% 8
\BOOKMARK [1][-]{section.3}{Documentation of the code}{}% 9
\BOOKMARK [2][-]{subsection.3.1}{Communications}{section.3}% 10
\BOOKMARK [2][-]{subsection.3.2}{Arduino}{section.3}% 11
\BOOKMARK [2][-]{subsection.3.3}{Vision}{section.3}% 12
\BOOKMARK [3][-]{subsubsection.3.3.1}{Finding the robots}{subsection.3.3}% 13
\BOOKMARK [3][-]{subsubsection.3.3.2}{Finding the ball}{subsection.3.3}% 14
\BOOKMARK [2][-]{subsection.3.4}{Strategy}{section.3}% 15
\BOOKMARK [3][-]{subsubsection.3.4.1}{Potential fields}{subsection.3.4}% 16
\BOOKMARK [3][-]{subsubsection.3.4.2}{State machine}{subsection.3.4}% 17
\BOOKMARK [3][-]{subsubsection.3.4.3}{State fields}{subsection.3.4}% 18
\BOOKMARK [1][-]{section.4}{Sensors}{}% 19
\BOOKMARK [2][-]{subsection.4.1}{Rotary encoder board}{section.4}% 20
\BOOKMARK [2][-]{subsection.4.2}{Light sensor}{section.4}% 21
